<?xml version="1.0" encoding="UTF-8"?>
<testsuite name="Cucumber" time="207.876" tests="19" skipped="0" failures="4" errors="0">
<testcase classname="F01_Register | users could register with new accounts" name="guest user could register with valid data successfully" time="18.953">
<system-out><![CDATA[
Given user go to register page..............................................passed
When user select gender type................................................passed
And user enter first name "automation" and last name "tester" as first and last names.passed
And user enter date of birth................................................passed
And user enter email "testtt@example.com" field.............................passed
And user fills Password fields "P@ssworddd" as password and confirmation password.passed
And user clicks on register button..........................................passed
Then success message is displayed...........................................passed
]]></system-out>
</testcase>
<testcase classname="F02_Login | users could use login functionality to use their accounts" name="user could login with valid email and password" time="11.043">
<system-out><![CDATA[
Given user go to login page.................................................passed
When user login with "valid" "testtt@example.com" and "P@ssworddd" as email and password.passed
And user press on login button..............................................passed
Then user login to the system successfully..................................passed
]]></system-out>
</testcase>
<testcase classname="F02_Login | users could use login functionality to use their accounts" name="user could not login with invalid email and password" time="9.544">
<system-out><![CDATA[
Given user go to login page.................................................passed
When user login with "invalid" "wrong@example.com" and "P@ssworddd" as email and password.passed
And user press on login button..............................................passed
Then user could not login to the system.....................................passed
]]></system-out>
</testcase>
<testcase classname="F03_currencies | The Euro symbol appears beside the price when Euro is selected from  currencies list" name="Euro could be selected form currencies list" time="8.801">
<system-out><![CDATA[
When select Euro currency from the dropdown list on the top left of home page.passed
Then verify Euro Symbol (€) is shown on the four products displayed in Home page.passed
]]></system-out>
</testcase>
<testcase classname="F04_search |" name="user could search using product name - Example #1.1" time="8.609">
<failure type="java.lang.AssertionError" message="The following asserts failed:
	parameter (1) does not has book expected [true] but found [false],
	parameter (5) does not has book expected [true] but found [false]">
<![CDATA[java.lang.AssertionError: The following asserts failed:
	parameter (1) does not has book expected [true] but found [false],
	parameter (5) does not has book expected [true] but found [false]
	at org.testng.asserts.SoftAssert.assertAll(SoftAssert.java:46)
	at org.testng.asserts.SoftAssert.assertAll(SoftAssert.java:30)
	at org.example.stepDefs.D04_searchStepDef.verifyThatTheSearchPageIsOpenedAndResultContainsTheSearchWord(D04_searchStepDef.java:34)
	at ✽.verify that the search page is opened and result contains the "book" word(file:///D:/courses/software_testing/EGFWD/6-Automation/Selenium_Web_Driver/Final%20Project/E_Commerce_Automation/src/main/resources/features/F04_Search.feature:6)
]]>
</failure>
<system-out><![CDATA[
When user enter "book" as search parameter..................................passed
And user clicks on search button............................................passed
Then verify that the search page is opened and result contains the "book" word.failed
]]></system-out>
</testcase>
<testcase classname="F04_search |" name="user could search using product name - Example #1.2" time="7.849">
<system-out><![CDATA[
When user enter "laptop" as search parameter................................passed
And user clicks on search button............................................passed
Then verify that the search page is opened and result contains the "laptop" word.passed
]]></system-out>
</testcase>
<testcase classname="F04_search |" name="user could search using product name - Example #1.3" time="7.792">
<system-out><![CDATA[
When user enter "nike" as search parameter..................................passed
And user clicks on search button............................................passed
Then verify that the search page is opened and result contains the "nike" word.passed
]]></system-out>
</testcase>
<testcase classname="F04_search |" name="user could search using sku - Example #1.1" time="10.08">
<system-out><![CDATA[
When user enter "SCI_FAITH" as search parameter.............................passed
And user clicks on search button............................................passed
And user clicks on the product in search page...............................passed
Then verify that the sku in the product page is the same "SCI_FAITH" you entered.passed
]]></system-out>
</testcase>
<testcase classname="F04_search |" name="user could search using sku - Example #1.2" time="10.039">
<system-out><![CDATA[
When user enter "APPLE_CAM" as search parameter.............................passed
And user clicks on search button............................................passed
And user clicks on the product in search page...............................passed
Then verify that the sku in the product page is the same "APPLE_CAM" you entered.passed
]]></system-out>
</testcase>
<testcase classname="F04_search |" name="user could search using sku - Example #1.3" time="9.642">
<system-out><![CDATA[
When user enter "SF_PRO_11" as search parameter.............................passed
And user clicks on search button............................................passed
And user clicks on the product in search page...............................passed
Then verify that the sku in the product page is the same "SF_PRO_11" you entered.passed
]]></system-out>
</testcase>
<testcase classname="" name="" time="8.782">
<system-out><![CDATA[
When user hovers on random main category....................................passed
And user hovers on random sub category......................................passed
And get text of the subCategory.............................................passed
And click on it.............................................................passed
Then Assert that the page title is the same text you get from subCategory...passed
]]></system-out>
</testcase>
<testcase classname="" name="test the two sliders on the home page - Example #1.1" time="7.17">
<failure type="java.lang.AssertionError" message="The following asserts failed:
	expected [https://demo.nopcommerce.com/galaxy-s22-ultra] but found [https://demo.nopcommerce.com/]">
<![CDATA[java.lang.AssertionError: The following asserts failed:
	expected [https://demo.nopcommerce.com/galaxy-s22-ultra] but found [https://demo.nopcommerce.com/]
	at org.testng.asserts.SoftAssert.assertAll(SoftAssert.java:46)
	at org.testng.asserts.SoftAssert.assertAll(SoftAssert.java:30)
	at org.example.stepDefs.D06_homeSlidersStepDef.assert_that_the_page_link_is_equal_to_as_actual_link(D06_homeSlidersStepDef.java:29)
	at ✽.assert that the page link is equal to "https://demo.nopcommerce.com/galaxy-s22-ultra" as actual link(file:///D:/courses/software_testing/EGFWD/6-Automation/Selenium_Web_Driver/Final%20Project/E_Commerce_Automation/src/main/resources/features/F06_homeSliders.feature:5)
]]>
</failure>
<system-out><![CDATA[
When user clicks on slider 0................................................passed
Then assert that the page link is equal to "https://demo.nopcommerce.com/galaxy-s22-ultra" as actual link.failed
]]></system-out>
</testcase>
<testcase classname="" name="test the two sliders on the home page - Example #1.2" time="10.063">
<failure type="java.lang.AssertionError" message="The following asserts failed:
	expected [https://demo.nopcommerce.com/iphone-14-pro] but found [https://demo.nopcommerce.com/]">
<![CDATA[java.lang.AssertionError: The following asserts failed:
	expected [https://demo.nopcommerce.com/iphone-14-pro] but found [https://demo.nopcommerce.com/]
	at org.testng.asserts.SoftAssert.assertAll(SoftAssert.java:46)
	at org.testng.asserts.SoftAssert.assertAll(SoftAssert.java:30)
	at org.example.stepDefs.D06_homeSlidersStepDef.assert_that_the_page_link_is_equal_to_as_actual_link(D06_homeSlidersStepDef.java:29)
	at ✽.assert that the page link is equal to "https://demo.nopcommerce.com/iphone-14-pro" as actual link(file:///D:/courses/software_testing/EGFWD/6-Automation/Selenium_Web_Driver/Final%20Project/E_Commerce_Automation/src/main/resources/features/F06_homeSliders.feature:5)
]]>
</failure>
<system-out><![CDATA[
When user clicks on slider 1................................................passed
Then assert that the page link is equal to "https://demo.nopcommerce.com/iphone-14-pro" as actual link.failed
]]></system-out>
</testcase>
<testcase classname="F07_followUs" name="user opens facebook link" time="9.037">
<system-out><![CDATA[
When user opens facebook link...............................................passed
Then "https://www.facebook.com/nopCommerce" is opened in new tab............passed
]]></system-out>
</testcase>
<testcase classname="F07_followUs" name="user opens twitter link" time="11.828">
<system-out><![CDATA[
When user opens twitter link................................................passed
Then "https://twitter.com/nopCommerce" is opened in new tab.................passed
]]></system-out>
</testcase>
<testcase classname="F07_followUs" name="user opens rss link" time="10.338">
<failure type="java.lang.IndexOutOfBoundsException" message="Index 1 out of bounds for length 1">
<![CDATA[java.lang.IndexOutOfBoundsException: Index 1 out of bounds for length 1
	at java.base/jdk.internal.util.Preconditions.outOfBounds(Preconditions.java:100)
	at java.base/jdk.internal.util.Preconditions.outOfBoundsCheckIndex(Preconditions.java:106)
	at java.base/jdk.internal.util.Preconditions.checkIndex(Preconditions.java:302)
	at java.base/java.util.Objects.checkIndex(Objects.java:385)
	at java.base/java.util.ArrayList.get(ArrayList.java:427)
	at org.example.stepDefs.D07_followUsStepDef.isOpenedInNewTab(D07_followUsStepDef.java:20)
	at ✽."https://demo.nopcommerce.com/new-online-store-is-open" is opened in new tab(file:///D:/courses/software_testing/EGFWD/6-Automation/Selenium_Web_Driver/Final%20Project/E_Commerce_Automation/src/main/resources/features/F07_followUs.feature:13)
]]>
</failure>
<system-out><![CDATA[
When user opens rss link....................................................passed
Then "https://demo.nopcommerce.com/new-online-store-is-open" is opened in new tab.failed
]]></system-out>
</testcase>
<testcase classname="F07_followUs" name="user opens youtube link" time="13.618">
<system-out><![CDATA[
When user opens youtube link................................................passed
Then "https://www.youtube.com/user/nopCommerce" is opened in new tab........passed
]]></system-out>
</testcase>
<testcase classname="F08_Wishlist" name="user could click on heart button to add product to the wishlist" time="7.184">
<system-out><![CDATA[
When user clicks on heart button of product.................................passed
Then success message is displayed with green background.....................passed
]]></system-out>
</testcase>
<testcase classname="F08_Wishlist" name="user could see the added products in the wishlist" time="26.844">
<system-out><![CDATA[
When user clicks on heart button of product.................................passed
And user clicks on wishlist button on top of home page......................passed
Then the added product should be found in the wishlist......................passed
]]></system-out>
</testcase>
</testsuite>
